<?xml version="1.0" encoding="UTF-8"?>
<!-- Generated by org.testng.reporters.JUnitXMLReporter -->
<testsuite ignored="0" hostname="DESKTOP-DA1AGDD" failures="0" tests="1" name="Command line test" time="0.499" errors="0" timestamp="2021-09-20T23:58:09 EDT">
  <testcase classname="com.tests.BaseTest" name="@BeforeMethod browserSetUp" time="-1.632196689218E9">
    <failure type="org.testng.TestNGException" message="
Parameter &amp;apos;browserName&amp;apos; is required by BeforeMethod on method browserSetUp but has not been marked @Optional or defined
">
      <![CDATA[org.testng.TestNGException: 
Parameter 'browserName' is required by BeforeMethod on method browserSetUp but has not been marked @Optional or defined

at java.base/java.util.ArrayList.forEach(ArrayList.java:1541)
... Removed 38 stack frames]]>
    </failure>
  </testcase> <!-- @BeforeMethod browserSetUp -->
  <testcase classname="com.tests.BaseTest" name="@AfterMethod testResult" time="-1.632196689221E9">
    <skipped/>
  </testcase> <!-- @AfterMethod testResult -->
  <testcase classname="com.tests.LoginTest" name="loginTest" time="0.001">
    <skipped/>
  </testcase> <!-- loginTest -->
</testsuite> <!-- Command line test -->
